<?xml version="1.0" encoding="UTF-8"?>
<testng-results skipped="0" failed="0" ignored="0" total="1" passed="1">
  <reporter-output>
  </reporter-output>
  <suite name="AalamSuite" duration-ms="18037" started-at="2019-11-18T20:31:22Z" finished-at="2019-11-18T20:31:40Z">
    <groups>
    </groups>
    <test name="Test_01" duration-ms="18037" started-at="2019-11-18T20:31:22Z" finished-at="2019-11-18T20:31:40Z">
      <class name="packageAalam.TC_Aalam_1">
        <test-method status="PASS" signature="beforeTest()[pri:0, instance:packageAalam.TC_Aalam_1@3fb6a447]" name="beforeTest" is-config="true" duration-ms="5459" started-at="2019-11-19T02:01:22Z" finished-at="2019-11-19T02:01:28Z">
          <reporter-output>
          </reporter-output>
        </test-method> <!-- beforeTest -->
        <test-method status="PASS" signature="testEasy()[pri:0, instance:packageAalam.TC_Aalam_1@3fb6a447]" name="testEasy" duration-ms="11106" started-at="2019-11-19T02:01:28Z" finished-at="2019-11-19T02:01:39Z">
          <reporter-output>
          </reporter-output>
        </test-method> <!-- testEasy -->
        <test-method status="PASS" signature="afterTest()[pri:0, instance:packageAalam.TC_Aalam_1@3fb6a447]" name="afterTest" is-config="true" duration-ms="1451" started-at="2019-11-19T02:01:39Z" finished-at="2019-11-19T02:01:40Z">
          <reporter-output>
          </reporter-output>
        </test-method> <!-- afterTest -->
      </class> <!-- packageAalam.TC_Aalam_1 -->
    </test> <!-- Test_01 -->
  </suite> <!-- AalamSuite -->
</testng-results>
