<?xml version="1.0" encoding="UTF-8"?>
<testng-results skipped="0" failed="0" ignored="0" total="2" passed="2">
  <reporter-output>
  </reporter-output>
  <suite name="AalamSuite" duration-ms="161514" started-at="2019-11-19T17:00:47Z" finished-at="2019-11-19T17:03:28Z">
    <groups>
    </groups>
    <test name="Test_01" duration-ms="161514" started-at="2019-11-19T17:00:47Z" finished-at="2019-11-19T17:03:28Z">
      <class name="packageAalam.TC_Aalam_1">
        <test-method status="PASS" signature="beforeTest()[pri:0, instance:packageAalam.TC_Aalam_1@3fb6a447]" name="beforeTest" is-config="true" duration-ms="14728" started-at="2019-11-19T22:30:47Z" finished-at="2019-11-19T22:31:02Z">
          <reporter-output>
          </reporter-output>
        </test-method> <!-- beforeTest -->
        <test-method status="PASS" signature="test0()[pri:0, instance:packageAalam.TC_Aalam_1@3fb6a447]" name="test0" duration-ms="118623" started-at="2019-11-19T22:31:02Z" finished-at="2019-11-19T22:33:00Z">
          <reporter-output>
          </reporter-output>
        </test-method> <!-- test0 -->
        <test-method status="PASS" signature="test1()[pri:1, instance:packageAalam.TC_Aalam_1@3fb6a447]" name="test1" duration-ms="9690" started-at="2019-11-19T22:33:00Z" finished-at="2019-11-19T22:33:10Z">
          <reporter-output>
          </reporter-output>
        </test-method> <!-- test1 -->
        <test-method status="PASS" signature="afterTest()[pri:0, instance:packageAalam.TC_Aalam_1@3fb6a447]" name="afterTest" is-config="true" duration-ms="18432" started-at="2019-11-19T22:33:10Z" finished-at="2019-11-19T22:33:28Z">
          <reporter-output>
          </reporter-output>
        </test-method> <!-- afterTest -->
      </class> <!-- packageAalam.TC_Aalam_1 -->
    </test> <!-- Test_01 -->
  </suite> <!-- AalamSuite -->
</testng-results>
