<?xml version="1.0" encoding="UTF-8"?>
<testng-results skipped="0" failed="0" ignored="0" total="2" passed="2">
  <reporter-output>
  </reporter-output>
  <suite name="AalamSuite" duration-ms="105563" started-at="2019-11-19T16:58:15Z" finished-at="2019-11-19T17:00:01Z">
    <groups>
    </groups>
    <test name="Test_01" duration-ms="105563" started-at="2019-11-19T16:58:15Z" finished-at="2019-11-19T17:00:01Z">
      <class name="packageAalam.TC_Aalam_1">
        <test-method status="PASS" signature="beforeTest()[pri:0, instance:packageAalam.TC_Aalam_1@5700d6b1]" name="beforeTest" is-config="true" duration-ms="27099" started-at="2019-11-19T22:28:15Z" finished-at="2019-11-19T22:28:42Z">
          <reporter-output>
          </reporter-output>
        </test-method> <!-- beforeTest -->
        <test-method status="PASS" signature="test0()[pri:0, instance:packageAalam.TC_Aalam_1@5700d6b1]" name="test0" duration-ms="49081" started-at="2019-11-19T22:28:42Z" finished-at="2019-11-19T22:29:32Z">
          <reporter-output>
          </reporter-output>
        </test-method> <!-- test0 -->
        <test-method status="PASS" signature="test1()[pri:1, instance:packageAalam.TC_Aalam_1@5700d6b1]" name="test1" duration-ms="17963" started-at="2019-11-19T22:29:32Z" finished-at="2019-11-19T22:29:50Z">
          <reporter-output>
          </reporter-output>
        </test-method> <!-- test1 -->
        <test-method status="PASS" signature="afterTest()[pri:0, instance:packageAalam.TC_Aalam_1@5700d6b1]" name="afterTest" is-config="true" duration-ms="11213" started-at="2019-11-19T22:29:50Z" finished-at="2019-11-19T22:30:01Z">
          <reporter-output>
          </reporter-output>
        </test-method> <!-- afterTest -->
      </class> <!-- packageAalam.TC_Aalam_1 -->
    </test> <!-- Test_01 -->
  </suite> <!-- AalamSuite -->
</testng-results>
