<?xml version="1.0" encoding="UTF-8"?>
<testng-results skipped="0" failed="0" ignored="0" total="1" passed="1">
  <reporter-output>
  </reporter-output>
  <suite name="AalamSuite" duration-ms="20728" started-at="2019-11-18T20:16:27Z" finished-at="2019-11-18T20:16:47Z">
    <groups>
    </groups>
    <test name="Test_01" duration-ms="20728" started-at="2019-11-18T20:16:27Z" finished-at="2019-11-18T20:16:47Z">
      <class name="packageAalam.TC_Aalam_1">
        <test-method status="PASS" signature="beforeTest()[pri:0, instance:packageAalam.TC_Aalam_1@5700d6b1]" name="beforeTest" is-config="true" duration-ms="3917" started-at="2019-11-19T01:46:27Z" finished-at="2019-11-19T01:46:30Z">
          <reporter-output>
          </reporter-output>
        </test-method> <!-- beforeTest -->
        <test-method status="PASS" signature="testEasy()[pri:0, instance:packageAalam.TC_Aalam_1@5700d6b1]" name="testEasy" duration-ms="14463" started-at="2019-11-19T01:46:30Z" finished-at="2019-11-19T01:46:45Z">
          <reporter-output>
          </reporter-output>
        </test-method> <!-- testEasy -->
        <test-method status="PASS" signature="afterTest()[pri:0, instance:packageAalam.TC_Aalam_1@5700d6b1]" name="afterTest" is-config="true" duration-ms="2325" started-at="2019-11-19T01:46:45Z" finished-at="2019-11-19T01:46:47Z">
          <reporter-output>
          </reporter-output>
        </test-method> <!-- afterTest -->
      </class> <!-- packageAalam.TC_Aalam_1 -->
    </test> <!-- Test_01 -->
  </suite> <!-- AalamSuite -->
</testng-results>
